< C:\DevBin\20230312_GameJS\00_Adventure\Gattonero20200001
> C:\home\GitHub\StoreC\DevOld\00_Adventure\Gattonero20200001
< C:\DevBin\20230312_GameJS\00_Adventure\res
T C:\home\GitHub\StoreC\DevOld\00_Adventure\res
< C:\DevBin\20230312_GameJS\00_Adventure\out
T C:\home\GitHub\StoreC\DevOld\00_Adventure\out
< C:\DevBin\20230312_GameJS\00_Cirno\Gattonero20200001
> C:\home\GitHub\StoreC\DevOld\00_Cirno\Gattonero20200001
< C:\DevBin\20230312_GameJS\00_Cirno\res
T C:\home\GitHub\StoreC\DevOld\00_Cirno\res
< C:\DevBin\20230312_GameJS\00_Cirno\out
T C:\home\GitHub\StoreC\DevOld\00_Cirno\out
< C:\DevBin\20230312_GameJS\00_Marisa\Gattonero20200001
> C:\home\GitHub\StoreC\DevOld\00_Marisa\Gattonero20200001
< C:\DevBin\20230312_GameJS\00_Marisa\res
T C:\home\GitHub\StoreC\DevOld\00_Marisa\res
< C:\DevBin\20230312_GameJS\00_Marisa\out
T C:\home\GitHub\StoreC\DevOld\00_Marisa\out
< C:\DevBin\20230312_GameJS\00_Plain\Gattonero20200001
> C:\home\GitHub\StoreC\DevOld\00_Plain\Gattonero20200001
< C:\DevBin\20230312_GameJS\00_Plain\res
T C:\home\GitHub\StoreC\DevOld\00_Plain\res
< C:\DevBin\20230312_GameJS\00_Plain\out
T C:\home\GitHub\StoreC\DevOld\00_Plain\out
< C:\DevBin\20230312_GameJS\00_Shooting\Gattonero20200001
> C:\home\GitHub\StoreC\DevOld\00_Shooting\Gattonero20200001
< C:\DevBin\20230312_GameJS\00_Shooting\res
T C:\home\GitHub\StoreC\DevOld\00_Shooting\res
< C:\DevBin\20230312_GameJS\00_Shooting\out
T C:\home\GitHub\StoreC\DevOld\00_Shooting\out
< C:\DevBin\20230312_GameJS\BlackJack\Gattonero20200001
> C:\home\GitHub\StoreC\DevOld\BlackJack\Gattonero20200001
< C:\DevBin\20230312_GameJS\BlackJack\res
T C:\home\GitHub\StoreC\DevOld\BlackJack\res
< C:\DevBin\20230312_GameJS\BlackJack\out
T C:\home\GitHub\StoreC\DevOld\BlackJack\out
< C:\DevBin\20220924_CollectPhotos\Claes20200001
> C:\home\GitHub\StoreC\DevOld\CollectPhotos\Claes20200001
< C:\DevBin\20220924_CollectPhotos\doc
> C:\home\GitHub\StoreC\DevOld\CollectPhotos\doc
< C:\DevBin\20220924_CollectPhotos\out
T C:\home\GitHub\StoreC\DevOld\CollectPhotos\out
< C:\DevBin\20230204_CopyPleiadesWSToStoreP\Claes20200001
> C:\home\GitHub\StoreC\DevOld\CopyPleiadesWSToStoreP\Claes20200001
< C:\DevBin\20230204_CopyPleiadesWSToStoreP\doc
> C:\home\GitHub\StoreC\DevOld\CopyPleiadesWSToStoreP\doc
< C:\DevBin\20230204_CopyPleiadesWSToStoreP\out
T C:\home\GitHub\StoreC\DevOld\CopyPleiadesWSToStoreP\out
< C:\DevBin\20230312_GameJS\GHAnimeTest0001\Gattonero20200001
> C:\home\GitHub\StoreC\DevOld\GHAnimeTest0001\Gattonero20200001
< C:\DevBin\20230312_GameJS\GHAnimeTest0001\res
T C:\home\GitHub\StoreC\DevOld\GHAnimeTest0001\res
< C:\DevBin\20230312_GameJS\GHAnimeTest0001\out
T C:\home\GitHub\StoreC\DevOld\GHAnimeTest0001\out
< C:\DevBin\20230129_GivenResConv\Claes20200001
> C:\home\GitHub\StoreC\DevOld\GivenResConv\Claes20200001
< C:\DevBin\20230129_GivenResConv\doc
> C:\home\GitHub\StoreC\DevOld\GivenResConv\doc
< C:\DevBin\20230129_GivenResConv\out
T C:\home\GitHub\StoreC\DevOld\GivenResConv\out
< C:\DevBin\20230312_GameJS\SevenBridge\Gattonero20200001
> C:\home\GitHub\StoreC\DevOld\SevenBridge\Gattonero20200001
< C:\DevBin\20230312_GameJS\SevenBridge\res
T C:\home\GitHub\StoreC\DevOld\SevenBridge\res
< C:\DevBin\20230312_GameJS\SevenBridge\out
T C:\home\GitHub\StoreC\DevOld\SevenBridge\out
< C:\DevBin\20230312_GameJS\SlotMachine\Gattonero20200001
> C:\home\GitHub\StoreC\DevOld\SlotMachine\Gattonero20200001
< C:\DevBin\20230312_GameJS\SlotMachine\res
T C:\home\GitHub\StoreC\DevOld\SlotMachine\res
< C:\DevBin\20230312_GameJS\SlotMachine\out
T C:\home\GitHub\StoreC\DevOld\SlotMachine\out
< C:\DevBin\20230225_Test20230111\Claes20200001
> C:\home\GitHub\StoreC\DevOld\Test20230111\Claes20200001
< C:\DevBin\20230225_Test20230111\doc
> C:\home\GitHub\StoreC\DevOld\Test20230111\doc
< C:\DevBin\20230225_Test20230111\out
T C:\home\GitHub\StoreC\DevOld\Test20230111\out
< C:\DevBin\20230309_Test20230225\Claes20200001
> C:\home\GitHub\StoreC\DevOld\Test20230225\Claes20200001
< C:\DevBin\20230309_Test20230225\doc
> C:\home\GitHub\StoreC\DevOld\Test20230225\doc
< C:\DevBin\20230309_Test20230225\out
T C:\home\GitHub\StoreC\DevOld\Test20230225\out
